<?xml version="1.0" encoding="UTF-8"?>
<testsuite xmlns:xsi="http://www.w3.org/2001/XMLSchema-instance" xsi:noNamespaceSchemaLocation="https://maven.apache.org/surefire/maven-surefire-plugin/xsd/surefire-test-report-3.0.xsd" version="3.0" name="com.demo.matcher.MatcherImplTest" time="10.808" tests="1" errors="0" skipped="0" failures="0">
  <properties>
[...]
</properties>
  <testcase name="matchTest" classname="com.demo.matcher.MatcherImplTest" time="10.612">
    <system-out><![CDATA[14:53:33.078 INFO  com.demo.matcher.MatcherImplTest - reading movies.csv
14:53:33.088 INFO  com.demo.matcher.MatcherImplTest - headers: id,title,year
14:53:33.088 INFO  com.demo.matcher.MatcherImplTest - reading actors_and_directors.csv
14:53:33.089 INFO  com.demo.matcher.MatcherImplTest - headers: movie_id,name,role
14:53:33.093 INFO  com.demo.matcher.MatcherImpl - importing database
14:53:37.049 INFO  com.demo.matcher.MatcherImpl - database imported
14:53:37.049 INFO  com.demo.matcher.MatcherImplTest - reading xbox_feed.csv
14:53:37.111 INFO  com.demo.matcher.MatcherImplTest - headers: Country,StudioNetwork,MediaId,Title,OriginalReleaseDate,MediaType,SeriesMediaId,SeasonMediaId,SeriesTitle,SeasonNumber,EpisodeNumber,LicenseType,ActualRetailPrice,OfferStartDate,OfferEndDate,Actors,Director,XboxLiveURL
14:53:43.611 INFO  com.demo.matcher.MatcherImplTest - closing movies.csv
14:53:43.611 INFO  com.demo.matcher.MatcherImplTest - close movies.csv
14:53:43.611 INFO  com.demo.matcher.MatcherImplTest - closing actors_and_directors.csv
14:53:43.611 INFO  com.demo.matcher.MatcherImplTest - close actors_and_directors.csv
14:53:43.611 INFO  com.demo.matcher.MatcherImplTest - closing xbox_feed.csv
14:53:43.642 INFO  com.demo.matcher.MatcherImplTest - close xbox_feed.csv
14:53:43.642 INFO  com.demo.matcher.MatcherImplTest - Total items matched: 6854
]]></system-out>
  </testcase>
</testsuite>